Running: fuse.exe -relaunch -intstyle "ise" -incremental -lib "unisims_ver" -lib "unimacro_ver" -lib "xilinxcorelib_ver" -o "C:/Users/ThinkPad/Documents/ISE/mips-bd/mips/timer_tb_isim_beh.exe" -prj "C:/Users/ThinkPad/Documents/ISE/mips-bd/mips/timer_tb_beh.prj" "work.timer_tb" "work.glbl" 
ISim P.20131013 (signature 0x8ef4fb42)
Number of CPUs detected in this system: 8
Turning on mult-threading, number of parallel sub-compilation jobs: 16 
Determining compilation order of HDL files
Analyzing Verilog file "C:/Users/ThinkPad/Documents/ISE/mips-bd/mips/mips/timer/timer.v" into library work
Analyzing Verilog file "C:/Users/ThinkPad/Documents/ISE/mips-bd/mips/mips/timer/timer_tb.v" into library work
Analyzing Verilog file "C:/Xilinx/14.7/ISE_DS/ISE//verilog/src/glbl.v" into library work
Starting static elaboration
Completed static elaboration
Fuse Memory Usage: 180916 KB
Fuse CPU Usage: 405 ms
Compiling module timer
Compiling module timer_tb
Compiling module glbl
Time Resolution for simulation is 1ps.
Compiled 3 Verilog Units
Built simulation executable C:/Users/ThinkPad/Documents/ISE/mips-bd/mips/timer_tb_isim_beh.exe
Fuse Memory Usage: 186336 KB
Fuse CPU Usage: 452 ms
